2025-05-06 15:03:34,351 DEBUG get_provinsi_list called
2025-05-06 15:03:34,655 DEBUG get_provinsi_list: ['ACEH', 'BALI', 'BANTEN', 'BENGKULU', 'DI Yogyakarta', 'DI YOGYAKARTA', 'DIY', 'DKI', 'DKI Jakarta', 'DKI JAKARTA', 'GORONTALO', 'JAMBI', 'Jawa Barat', 'JAWA BARAT', 'JAWA TENGAH', 'Jawa Timur', 'JAWA TIMUR', 'KALIMANTAN BARAT', 'KALIMANTAN SELATAN', 'KALIMANTAN TENGAH', 'KALIMANTAN TIMUR', 'KALIMANTAN UTARA', 'KEPULAUAN BANGKA BELITUNG', 'KEPULAUAN RIAU', 'LAMPUNG', 'MALUKU', 'MALUKU UTARA', 'NUSA TENGGARA BARAT', 'NUSA TENGGARA TIMUR', 'PAPUA', 'PAPUA BARAT', 'PAPUA BARAT DAYA', 'PAPUA PEGUNUNGAN', 'PAPUA SELATAN', 'PAPUA TENGAH', 'RIAU', 'SULAWESI BARAT', 'SULAWESI SELATAN', 'SULAWESI TENGAH', 'SULAWESI TENGGARA', 'SULAWESI UTARA', 'SUMATERA BARAT', 'SUMATERA SELATAN', 'SUMATERA UTARA']
2025-05-06 15:03:39,997 DEBUG get_kota_list called for provinsi=ACEH
2025-05-06 15:03:40,071 DEBUG get_kota_list: ['ACEH BARAT', 'ACEH BARAT DAYA', 'ACEH BESAR', 'ACEH JAYA', 'ACEH SELATAN', 'ACEH SINGKIL', 'ACEH TAMIANG', 'ACEH TENGAH', 'ACEH TENGGARA', 'ACEH TIMUR', 'ACEH UTARA', 'BENER MERIAH', 'BIREUEN', 'GAYO LUES', 'KOTA BANDA ACEH', 'KOTA LANGSA', 'KOTA LHOKSEUMAWE', 'KOTA SABANG', 'KOTA SUBULUSSALAM', 'NAGAN RAYA', 'PIDIE', 'PIDIE JAYA', 'SIMEULEU', 'SIMEULUE']
2025-05-06 15:03:42,051 DEBUG get_all called with provinsi=ACEH, kota=ACEH BARAT, nama=
2025-05-06 15:03:42,113 DEBUG get_all returning 507 records
2025-05-06 15:04:03,155 DEBUG get_all called with provinsi=NUSA TENGGARA BARAT, kota=ACEH BARAT, nama=
2025-05-06 15:04:03,156 DEBUG get_kota_list called for provinsi=NUSA TENGGARA BARAT
2025-05-06 15:04:03,232 DEBUG get_all returning 0 records
2025-05-06 15:04:03,235 DEBUG get_kota_list: ['BIMA', 'DOMPU', 'KOTA BIMA', 'KOTA MATARAM', 'LOMBOK BARAT', 'LOMBOK TENGAH', 'LOMBOK TIMUR', 'LOMBOK UTARA', 'SUMBAWA', 'SUMBAWA BARAT']
2025-05-06 15:04:05,972 DEBUG get_all called with provinsi=NUSA TENGGARA BARAT, kota=LOMBOK TENGAH, nama=
2025-05-06 15:04:06,031 DEBUG get_all returning 1124 records
2025-05-06 15:04:07,624 DEBUG get_all called with provinsi=NUSA TENGGARA BARAT, kota=LOMBOK TENGAH, nama=l
2025-05-06 15:04:07,697 DEBUG get_all called with provinsi=NUSA TENGGARA BARAT, kota=LOMBOK TENGAH, nama=le
2025-05-06 15:04:07,790 DEBUG get_all called with provinsi=NUSA TENGGARA BARAT, kota=LOMBOK TENGAH, nama=lem
2025-05-06 15:04:07,911 DEBUG get_all returning 454 records
2025-05-06 15:04:07,951 DEBUG get_all returning 63 records
2025-05-06 15:04:07,974 DEBUG get_all called with provinsi=NUSA TENGGARA BARAT, kota=LOMBOK TENGAH, nama=lemb
2025-05-06 15:04:08,048 DEBUG get_all returning 5 records
2025-05-06 15:04:08,059 DEBUG get_all called with provinsi=NUSA TENGGARA BARAT, kota=LOMBOK TENGAH, nama=lemba
2025-05-06 15:04:08,178 DEBUG get_all called with provinsi=NUSA TENGGARA BARAT, kota=LOMBOK TENGAH, nama=lembag
2025-05-06 15:04:08,213 DEBUG get_all returning 4 records
2025-05-06 15:04:08,289 DEBUG get_all called with provinsi=NUSA TENGGARA BARAT, kota=LOMBOK TENGAH, nama=lembaga
2025-05-06 15:04:08,322 DEBUG get_all returning 4 records
2025-05-06 15:04:08,439 DEBUG get_all returning 4 records
2025-05-06 15:04:08,494 DEBUG get_all returning 4 records
2025-05-06 15:04:12,064 DEBUG get_by_id called with id_bangunan=BMN_1
2025-05-06 15:04:12,067 DEBUG get_by_id found: {'id_bangunan': 'BMN_1', 'lon': 116.34, 'lat': -8.91, 'taxonomy': 'CR', 'luas': 88.0, 'nama_gedung': 'LEMBAGA PEMASYARAKATAN TERBUKA KELAS IIB LOMBOK TENGAH', 'alamat': 'DUSUN TOJONG-OJONG, LOTENG', 'kota': 'LOMBOK TENGAH', 'provinsi': 'NUSA TENGGARA BARAT'}
2025-05-06 15:04:16,705 DEBUG update called for id_bangunan=BMN_1 with data={'nama_gedung': 'LEMBAGA PEMASYARAKATAN TERBUKA KELAS IIB LOMBOK TENGAH', 'alamat': 'DUSUN TOJONG-OJONG, LOTENG', 'lon': 116.34, 'lat': -8.91, 'taxonomy': 'CR', 'luas': 1000}
2025-05-06 15:04:16,721 DEBUG get_by_id called with id_bangunan=BMN_1
2025-05-06 15:04:16,723 DEBUG get_by_id found: {'id_bangunan': 'BMN_1', 'lon': 116.34, 'lat': -8.91, 'taxonomy': 'CR', 'luas': 1000.0, 'nama_gedung': 'LEMBAGA PEMASYARAKATAN TERBUKA KELAS IIB LOMBOK TENGAH', 'alamat': 'DUSUN TOJONG-OJONG, LOTENG', 'kota': 'LOMBOK TENGAH', 'provinsi': 'NUSA TENGGARA BARAT'}
2025-05-06 15:04:16,724 DEBUG update success: {'id_bangunan': 'BMN_1', 'lon': 116.34, 'lat': -8.91, 'taxonomy': 'CR', 'luas': 1000.0, 'nama_gedung': 'LEMBAGA PEMASYARAKATAN TERBUKA KELAS IIB LOMBOK TENGAH', 'alamat': 'DUSUN TOJONG-OJONG, LOTENG', 'kota': 'LOMBOK TENGAH', 'provinsi': 'NUSA TENGGARA BARAT'}
2025-05-06 15:04:16,736 DEBUG Checking existence of id_bangunan=BMN_1
2025-05-06 15:04:16,739 DEBUG exists_id: BMN_1 -> True
