2025-05-07 13:43:06,854 DEBUG === START process_all_disasters ===
2025-05-07 13:43:06,863 DEBUG ✅ Cleared DirectLoss & AAL
2025-05-07 13:43:10,188 DEBUG 📥 Buildings: 285331 rows
2025-05-07 13:43:10,639 DEBUG 🔧 Derived kode_bangunan from id_bangunan
2025-05-07 13:45:07,241 DEBUG 📥 gempa: 285331 rows (aligned to 285331)
2025-05-07 13:45:07,355 DEBUG 📥 banjir: 285331 rows (aligned to 285331)
2025-05-07 13:45:07,469 DEBUG 📥 longsor: 285331 rows (aligned to 285331)
2025-05-07 13:45:07,581 DEBUG 📥 gunungberapi: 285331 rows (aligned to 285331)
2025-05-07 13:45:07,599 DEBUG direct_loss_gempa_500 sample: [0.0, 3257933669.5965166, 4440500985.7575865]
2025-05-07 13:45:07,613 DEBUG direct_loss_gempa_250 sample: [0.0, 674418613.7098387, 4453187648.0]
2025-05-07 13:45:07,628 DEBUG direct_loss_gempa_100 sample: [0.0, 0.0, 3952938580.8652916]
2025-05-07 13:45:07,638 DEBUG direct_loss_banjir_100 sample: [0.0, 0.0, 0.0]
2025-05-07 13:45:07,647 DEBUG direct_loss_banjir_50 sample: [0.0, 0.0, 0.0]
2025-05-07 13:45:07,659 DEBUG direct_loss_banjir_25 sample: [0.0, 0.0, 0.0]
2025-05-07 13:45:07,676 DEBUG direct_loss_longsor_5 sample: [0.0, 2804211432.343872, 4453187648.0]
2025-05-07 13:45:07,692 DEBUG direct_loss_longsor_2 sample: [0.0, 1316103652.7277846, 4374108625.749383]
2025-05-07 13:45:07,708 DEBUG direct_loss_gunungberapi_250 sample: [0.0, 395627284.3675574, 451091891.7149021]
2025-05-07 13:45:07,724 DEBUG direct_loss_gunungberapi_100 sample: [0.0, 395627284.3675574, 451091891.7149021]
2025-05-07 13:45:07,742 DEBUG direct_loss_gunungberapi_50 sample: [0.0, 395627284.3675574, 451091891.7149021]
2025-05-07 13:45:42,026 INFO ✅ Direct Loss saved
2025-05-07 13:45:45,000 DEBUG 📄 CSV DirectLoss subset for AAL: E:\Geodesi dan Geomatika\Semester 7\TA\CobaPython\debug_output\directloss_all.csv
2025-05-07 13:45:45,862 DEBUG grp (provinsi,kode_bangunan) shape: (113, 11)
2025-05-07 13:45:45,875 DEBUG AAL before pivot: (113, 13)
2025-05-07 13:45:45,902 DEBUG pivot shape: (38, 34)
2025-05-07 13:45:45,945 DEBUG pivot with totals shape: (38, 45)
2025-05-07 13:45:45,962 DEBUG 📄 CSV AAL: E:\Geodesi dan Geomatika\Semester 7\TA\CobaPython\debug_output\AAL_per_provinsi_filtered.csv
2025-05-07 13:45:46,004 INFO ✅ AAL saved
2025-05-07 13:45:46,011 DEBUG === END process_all_disasters ===
2025-05-07 17:19:28,783 DEBUG === START process_all_disasters ===
2025-05-07 17:19:30,405 DEBUG ✅ Cleared DirectLoss & AAL
2025-05-07 17:19:34,640 DEBUG 📥 Buildings: 285333 rows
2025-05-07 17:19:35,285 DEBUG 🔧 Derived kode_bangunan from id_bangunan
2025-05-07 17:25:13,824 DEBUG 📥 gempa: 285333 rows (aligned to 285333)
2025-05-07 17:25:13,933 DEBUG 📥 banjir: 285333 rows (aligned to 285333)
2025-05-07 17:25:14,042 DEBUG 📥 longsor: 285333 rows (aligned to 285333)
2025-05-07 17:25:14,164 DEBUG 📥 gunungberapi: 285333 rows (aligned to 285333)
2025-05-07 17:25:14,196 DEBUG direct_loss_gempa_500 sample: [648000000.0, 2592000000.0, 4082400000.0]
2025-05-07 17:25:14,210 DEBUG direct_loss_gempa_250 sample: [648000000.0, 2592000000.0, 4082400000.0]
2025-05-07 17:25:14,224 DEBUG direct_loss_gempa_100 sample: [520018538.6673499, 2080074154.6693995, 3276116793.6043043]
2025-05-07 17:25:14,233 DEBUG direct_loss_banjir_100 sample: [0.0, 0.0, 0.0]
2025-05-07 17:25:14,243 DEBUG direct_loss_banjir_50 sample: [0.0, 416486235.1096763, 431038804.842103]
2025-05-07 17:25:14,253 DEBUG direct_loss_banjir_25 sample: [0.0, 333124338.9375332, 403240543.1072213]
2025-05-07 17:25:14,266 DEBUG direct_loss_longsor_5 sample: [648000000.0, 2592000000.0, 4082400000.0]
2025-05-07 17:25:14,281 DEBUG direct_loss_longsor_2 sample: [590103019.3733044, 2360412077.4932175, 3717649022.051818]
2025-05-07 17:25:14,295 DEBUG direct_loss_gunungberapi_250 sample: [65640069.302387625, 262560277.2095505, 413532436.60504204]
2025-05-07 17:25:14,309 DEBUG direct_loss_gunungberapi_100 sample: [65640069.302387625, 262560277.2095505, 413532436.60504204]
2025-05-07 17:25:14,326 DEBUG direct_loss_gunungberapi_50 sample: [65640069.302387625, 262560277.2095505, 413532436.60504204]
2025-05-07 17:26:22,008 INFO ✅ Direct Loss saved
2025-05-07 17:26:25,641 DEBUG 📄 CSV DirectLoss subset for AAL: E:\Geodesi dan Geomatika\Semester 7\TA\CobaPython\debug_output\directloss_all.csv
2025-05-07 17:26:26,341 DEBUG grp (provinsi,kode_bangunan) shape: (113, 11)
2025-05-07 17:26:26,349 DEBUG AAL before pivot: (113, 13)
2025-05-07 17:26:26,362 DEBUG pivot shape: (38, 34)
2025-05-07 17:26:26,376 DEBUG pivot with totals shape: (38, 45)
2025-05-07 17:26:26,389 DEBUG 📄 CSV AAL: E:\Geodesi dan Geomatika\Semester 7\TA\CobaPython\debug_output\AAL_per_provinsi_filtered.csv
2025-05-07 17:26:26,438 INFO ✅ AAL saved
2025-05-07 17:26:26,443 DEBUG === END process_all_disasters ===
2025-05-07 22:04:04,152 DEBUG === START process_all_disasters ===
2025-05-07 22:04:04,819 DEBUG ✅ Cleared DirectLoss & AAL
2025-05-07 22:04:07,575 DEBUG 📥 Buildings: 285335 rows
2025-05-07 22:04:07,970 DEBUG 🔧 Derived kode_bangunan from id_bangunan
2025-05-07 22:05:50,098 DEBUG 📥 gempa: 285335 rows (aligned to 285335)
2025-05-07 22:05:50,164 DEBUG 📥 banjir: 285335 rows (aligned to 285335)
2025-05-07 22:05:50,234 DEBUG 📥 longsor: 285335 rows (aligned to 285335)
2025-05-07 22:05:50,316 DEBUG 📥 gunungberapi: 285335 rows (aligned to 285335)
2025-05-07 22:05:50,334 DEBUG direct_loss_gempa_500 sample: [648000000.0, 2592000000.0, 4082400000.0]
2025-05-07 22:05:50,342 DEBUG direct_loss_gempa_250 sample: [648000000.0, 2592000000.0, 4082400000.0]
2025-05-07 22:05:50,350 DEBUG direct_loss_gempa_100 sample: [520018538.6673499, 2080074154.6693995, 3276116793.6043043]
2025-05-07 22:05:50,356 DEBUG direct_loss_banjir_100 sample: [0.0, 0.0, 0.0]
2025-05-07 22:05:50,361 DEBUG direct_loss_banjir_50 sample: [0.0, 416486235.1096763, 431038804.842103]
2025-05-07 22:05:50,367 DEBUG direct_loss_banjir_25 sample: [0.0, 333124338.9375332, 403240543.1072213]
2025-05-07 22:05:50,375 DEBUG direct_loss_longsor_5 sample: [648000000.0, 2592000000.0, 4082400000.0]
2025-05-07 22:05:50,383 DEBUG direct_loss_longsor_2 sample: [590103019.3733044, 2360412077.4932175, 3717649022.051818]
2025-05-07 22:05:50,391 DEBUG direct_loss_gunungberapi_250 sample: [65640069.302387625, 262560277.2095505, 413532436.60504204]
2025-05-07 22:05:50,400 DEBUG direct_loss_gunungberapi_100 sample: [65640069.302387625, 262560277.2095505, 413532436.60504204]
2025-05-07 22:05:50,408 DEBUG direct_loss_gunungberapi_50 sample: [65640069.302387625, 262560277.2095505, 413532436.60504204]
2025-05-07 22:06:18,564 INFO ✅ Direct Loss saved
2025-05-07 22:06:20,701 DEBUG 📄 CSV DirectLoss subset for AAL: E:\Geodesi dan Geomatika\Semester 7\TA\CobaPython\debug_output\directloss_all.csv
2025-05-07 22:06:21,108 DEBUG grp (provinsi,kode_bangunan) shape: (113, 11)
2025-05-07 22:06:21,112 DEBUG AAL before pivot: (113, 13)
2025-05-07 22:06:21,119 DEBUG pivot shape: (38, 34)
2025-05-07 22:06:21,126 DEBUG pivot with totals shape: (38, 45)
2025-05-07 22:06:21,132 DEBUG 📄 CSV AAL: E:\Geodesi dan Geomatika\Semester 7\TA\CobaPython\debug_output\AAL_per_provinsi_filtered.csv
2025-05-07 22:06:21,157 INFO ✅ AAL saved
2025-05-07 22:06:21,160 DEBUG === END process_all_disasters ===
